Determining if the pthread_create exist failed with the following output:
Change Dir: /home/drew/Desktop/capstone/cpp_full/build/CMakeFiles/CMakeTmp

Run Build Command:"/usr/bin/make" "cmTC_4ee2d/fast"
/usr/bin/make -f CMakeFiles/cmTC_4ee2d.dir/build.make CMakeFiles/cmTC_4ee2d.dir/build
make[1]: Entering directory '/home/drew/Desktop/capstone/cpp_full/build/CMakeFiles/CMakeTmp'
Building C object CMakeFiles/cmTC_4ee2d.dir/CheckSymbolExists.c.o
/usr/bin/cc    -o CMakeFiles/cmTC_4ee2d.dir/CheckSymbolExists.c.o   -c /home/drew/Desktop/capstone/cpp_full/build/CMakeFiles/CMakeTmp/CheckSymbolExists.c
Linking C executable cmTC_4ee2d
/usr/bin/cmake -E cmake_link_script CMakeFiles/cmTC_4ee2d.dir/link.txt --verbose=1
/usr/bin/cc      -rdynamic CMakeFiles/cmTC_4ee2d.dir/CheckSymbolExists.c.o  -o cmTC_4ee2d 
CMakeFiles/cmTC_4ee2d.dir/CheckSymbolExists.c.o: In function `main':
CheckSymbolExists.c:(.text+0x1b): undefined reference to `pthread_create'
collect2: error: ld returned 1 exit status
CMakeFiles/cmTC_4ee2d.dir/build.make:97: recipe for target 'cmTC_4ee2d' failed
make[1]: *** [cmTC_4ee2d] Error 1
make[1]: Leaving directory '/home/drew/Desktop/capstone/cpp_full/build/CMakeFiles/CMakeTmp'
Makefile:126: recipe for target 'cmTC_4ee2d/fast' failed
make: *** [cmTC_4ee2d/fast] Error 2

File /home/drew/Desktop/capstone/cpp_full/build/CMakeFiles/CMakeTmp/CheckSymbolExists.c:
/* */
#include <pthread.h>

int main(int argc, char** argv)
{
  (void)argv;
#ifndef pthread_create
  return ((int*)(&pthread_create))[argc];
#else
  (void)argc;
  return 0;
#endif
}

Determining if the function pthread_create exists in the pthreads failed with the following output:
Change Dir: /home/drew/Desktop/capstone/cpp_full/build/CMakeFiles/CMakeTmp

Run Build Command:"/usr/bin/make" "cmTC_c2fea/fast"
/usr/bin/make -f CMakeFiles/cmTC_c2fea.dir/build.make CMakeFiles/cmTC_c2fea.dir/build
make[1]: Entering directory '/home/drew/Desktop/capstone/cpp_full/build/CMakeFiles/CMakeTmp'
Building C object CMakeFiles/cmTC_c2fea.dir/CheckFunctionExists.c.o
/usr/bin/cc   -DCHECK_FUNCTION_EXISTS=pthread_create   -o CMakeFiles/cmTC_c2fea.dir/CheckFunctionExists.c.o   -c /usr/share/cmake-3.10/Modules/CheckFunctionExists.c
Linking C executable cmTC_c2fea
/usr/bin/cmake -E cmake_link_script CMakeFiles/cmTC_c2fea.dir/link.txt --verbose=1
/usr/bin/cc  -DCHECK_FUNCTION_EXISTS=pthread_create    -rdynamic CMakeFiles/cmTC_c2fea.dir/CheckFunctionExists.c.o  -o cmTC_c2fea -lpthreads 
/usr/bin/ld: cannot find -lpthreads
collect2: error: ld returned 1 exit status
CMakeFiles/cmTC_c2fea.dir/build.make:97: recipe for target 'cmTC_c2fea' failed
make[1]: *** [cmTC_c2fea] Error 1
make[1]: Leaving directory '/home/drew/Desktop/capstone/cpp_full/build/CMakeFiles/CMakeTmp'
Makefile:126: recipe for target 'cmTC_c2fea/fast' failed
make: *** [cmTC_c2fea/fast] Error 2


