In file included from [01m[K/home/drew/Desktop/capstone/ws/src/cpp_full/cpp_full.cpp:3:0[m[K:
[01m[K/opt/ros/melodic/include/pcl_ros/point_cloud.h:303:27:[m[K [01;35m[Kwarning: [m[Kvariable templates only available with -std=c++14 or -std=gnu++14
     constexpr static bool [01;35m[Kpcl_uses_boost[m[K = true;
                           [01;35m[K^~~~~~~~~~~~~~[m[K
[01m[K/home/drew/Desktop/capstone/ws/src/cpp_full/cpp_full.cpp:[m[K In function ‘[01m[Kint main(int, char**)[m[K’:
[01m[K/home/drew/Desktop/capstone/ws/src/cpp_full/cpp_full.cpp:96:41:[m[K [01;35m[Kwarning: [m[KNULL used in arithmetic [[01;35m[K-Wpointer-arith[m[K]
             if (previousOdom.x_trans == [01;35m[KNULL[m[K) // if this odom message is our very first reading, use it regardless
                                         [01;35m[K^~~~[m[K
[01m[K/home/drew/Desktop/capstone/ws/src/cpp_full/cpp_full.cpp:127:49:[m[K [01;31m[Kerror: [m[K‘[01m[Kx_trans[m[K’ was not declared in this scope
                 tform_msg.setOrigin(tf::Vector3([01;31m[Kx_trans[m[K, y_trans, z_trans));
                                                 [01;31m[K^~~~~~~[m[K
[01m[K/home/drew/Desktop/capstone/ws/src/cpp_full/cpp_full.cpp:127:49:[m[K [01;36m[Knote: [m[Ksuggested alternative: ‘[01m[Kwctrans[m[K’
                 tform_msg.setOrigin(tf::Vector3([01;36m[Kx_trans[m[K, y_trans, z_trans));
                                                 [01;36m[K^~~~~~~[m[K
                                                 [32m[Kwctrans[m[K
[01m[K/home/drew/Desktop/capstone/ws/src/cpp_full/cpp_full.cpp:127:58:[m[K [01;31m[Kerror: [m[K‘[01m[Ky_trans[m[K’ was not declared in this scope
                 tform_msg.setOrigin(tf::Vector3(x_trans, [01;31m[Ky_trans[m[K, z_trans));
                                                          [01;31m[K^~~~~~~[m[K
[01m[K/home/drew/Desktop/capstone/ws/src/cpp_full/cpp_full.cpp:127:58:[m[K [01;36m[Knote: [m[Ksuggested alternative: ‘[01m[Kwctrans[m[K’
                 tform_msg.setOrigin(tf::Vector3(x_trans, [01;36m[Ky_trans[m[K, z_trans));
                                                          [01;36m[K^~~~~~~[m[K
                                                          [32m[Kwctrans[m[K
[01m[K/home/drew/Desktop/capstone/ws/src/cpp_full/cpp_full.cpp:127:67:[m[K [01;31m[Kerror: [m[K‘[01m[Kz_trans[m[K’ was not declared in this scope
                 tform_msg.setOrigin(tf::Vector3(x_trans, y_trans, [01;31m[Kz_trans[m[K));
                                                                   [01;31m[K^~~~~~~[m[K
[01m[K/home/drew/Desktop/capstone/ws/src/cpp_full/cpp_full.cpp:127:67:[m[K [01;36m[Knote: [m[Ksuggested alternative: ‘[01m[Kwctrans[m[K’
                 tform_msg.setOrigin(tf::Vector3(x_trans, y_trans, [01;36m[Kz_trans[m[K));
                                                                   [01;36m[K^~~~~~~[m[K
                                                                   [32m[Kwctrans[m[K
[01m[K/home/drew/Desktop/capstone/ws/src/cpp_full/cpp_full.cpp:128:34:[m[K [01;31m[Kerror: [m[K‘[01m[Kx_orientation[m[K’ was not declared in this scope
                 tf::Quaternion q([01;31m[Kx_orientation[m[K, y_orientation, z_orientation, w_orientation); // quaternion
                                  [01;31m[K^~~~~~~~~~~~~[m[K
[01m[K/home/drew/Desktop/capstone/ws/src/cpp_full/cpp_full.cpp:128:49:[m[K [01;31m[Kerror: [m[K‘[01m[Ky_orientation[m[K’ was not declared in this scope
                 tf::Quaternion q(x_orientation, [01;31m[Ky_orientation[m[K, z_orientation, w_orientation); // quaternion
                                                 [01;31m[K^~~~~~~~~~~~~[m[K
[01m[K/home/drew/Desktop/capstone/ws/src/cpp_full/cpp_full.cpp:128:64:[m[K [01;31m[Kerror: [m[K‘[01m[Kz_orientation[m[K’ was not declared in this scope
                 tf::Quaternion q(x_orientation, y_orientation, [01;31m[Kz_orientation[m[K, w_orientation); // quaternion
                                                                [01;31m[K^~~~~~~~~~~~~[m[K
[01m[K/home/drew/Desktop/capstone/ws/src/cpp_full/cpp_full.cpp:128:79:[m[K [01;31m[Kerror: [m[K‘[01m[Kw_orientation[m[K’ was not declared in this scope
                 tf::Quaternion q(x_orientation, y_orientation, z_orientation, [01;31m[Kw_orientation[m[K); // quaternion
                                                                               [01;31m[K^~~~~~~~~~~~~[m[K
[01m[K/home/drew/Desktop/capstone/ws/src/cpp_full/cpp_full.cpp:[m[K At global scope:
[01m[K/home/drew/Desktop/capstone/ws/src/cpp_full/cpp_full.cpp:237:21:[m[K [01;31m[Kerror: [m[K‘[01m[Ktform_msg[m[K’ does not name a type
                     [01;31m[Ktform_msg[m[K.setOrigin(tf::Vector3(x_trans, y_trans, z_trans));
                     [01;31m[K^~~~~~~~~[m[K
[01m[K/home/drew/Desktop/capstone/ws/src/cpp_full/cpp_full.cpp:238:38:[m[K [01;31m[Kerror: [m[K‘[01m[Kx_orientation[m[K’ was not declared in this scope
                     tf::Quaternion q([01;31m[Kx_orientation[m[K, y_orientation, z_orientation, w_orientation); // quaternion
                                      [01;31m[K^~~~~~~~~~~~~[m[K
[01m[K/home/drew/Desktop/capstone/ws/src/cpp_full/cpp_full.cpp:238:53:[m[K [01;31m[Kerror: [m[K‘[01m[Ky_orientation[m[K’ was not declared in this scope
                     tf::Quaternion q(x_orientation, [01;31m[Ky_orientation[m[K, z_orientation, w_orientation); // quaternion
                                                     [01;31m[K^~~~~~~~~~~~~[m[K
[01m[K/home/drew/Desktop/capstone/ws/src/cpp_full/cpp_full.cpp:238:68:[m[K [01;31m[Kerror: [m[K‘[01m[Kz_orientation[m[K’ was not declared in this scope
                     tf::Quaternion q(x_orientation, y_orientation, [01;31m[Kz_orientation[m[K, w_orientation); // quaternion
                                                                    [01;31m[K^~~~~~~~~~~~~[m[K
[01m[K/home/drew/Desktop/capstone/ws/src/cpp_full/cpp_full.cpp:238:83:[m[K [01;31m[Kerror: [m[K‘[01m[Kw_orientation[m[K’ was not declared in this scope
                     tf::Quaternion q(x_orientation, y_orientation, z_orientation, [01;31m[Kw_orientation[m[K); // quaternion
                                                                                   [01;31m[K^~~~~~~~~~~~~[m[K
[01m[K/home/drew/Desktop/capstone/ws/src/cpp_full/cpp_full.cpp:240:21:[m[K [01;31m[Kerror: [m[K‘[01m[Ktform_msg[m[K’ does not name a type
                     [01;31m[Ktform_msg[m[K.setRotation(q);
                     [01;31m[K^~~~~~~~~[m[K
[01m[K/home/drew/Desktop/capstone/ws/src/cpp_full/cpp_full.cpp:245:47:[m[K [01;31m[Kerror: [m[Kexpected constructor, destructor, or type conversion before ‘[01m[K([m[K’ token
                     pcl_ros::transformAsMatrix[01;31m[K([m[Ktform_msg, tform_mat);
                                               [01;31m[K^[m[K
[01m[K/home/drew/Desktop/capstone/ws/src/cpp_full/cpp_full.cpp:246:45:[m[K [01;31m[Kerror: [m[Kexpected constructor, destructor, or type conversion before ‘[01m[K([m[K’ token
                     pcl::transformPointCloud[01;31m[K([m[K*global_pointcloud, *transformed_cloud, tform_mat); // transform global pointcloud using tform_mat matrix (Matrix4f)
                                             [01;31m[K^[m[K
[01m[K/home/drew/Desktop/capstone/ws/src/cpp_full/cpp_full.cpp:250:40:[m[K [01;31m[Kerror: [m[Kexpected constructor, destructor, or type conversion before ‘[01m[K+=[m[K’ token
                     *concat_pointcloud [01;31m[K+=[m[K *transformed_cloud;
                                        [01;31m[K^~[m[K
[01m[K/home/drew/Desktop/capstone/ws/src/cpp_full/cpp_full.cpp:251:26:[m[K [01;31m[Kerror: [m[K‘[01m[Kcout[m[K’ in namespace ‘[01m[Kstd[m[K’ does not name a type
                     std::[01;31m[Kcout[m[K << "transformed pointcloud width and height: " << transformed_cloud -> width << " " << transformed_cloud -> height << std::endl;
                          [01;31m[K^~~~[m[K
In file included from [01m[K/opt/ros/melodic/include/ros/time.h:54:0[m[K,
                 from [01m[K/opt/ros/melodic/include/ros/ros.h:38[m[K,
                 from [01m[K/opt/ros/melodic/include/pcl_ros/point_cloud.h:4[m[K,
                 from [01m[K/home/drew/Desktop/capstone/ws/src/cpp_full/cpp_full.cpp:3[m[K:
[01m[K/usr/include/c++/7/iostream:61:18:[m[K [01;36m[Knote: [m[K‘[01m[Kstd::cout[m[K’ declared here
   extern ostream [01;36m[Kcout[m[K;  /// Linked to standard output
                  [01;36m[K^~~~[m[K
[01m[K/home/drew/Desktop/capstone/ws/src/cpp_full/cpp_full.cpp:252:26:[m[K [01;31m[Kerror: [m[K‘[01m[Kcout[m[K’ in namespace ‘[01m[Kstd[m[K’ does not name a type
                     std::[01;31m[Kcout[m[K << "concat pointcloud width and height: " << concat_pointcloud -> width << " " << concat_pointcloud -> height << std::endl;
                          [01;31m[K^~~~[m[K
In file included from [01m[K/opt/ros/melodic/include/ros/time.h:54:0[m[K,
                 from [01m[K/opt/ros/melodic/include/ros/ros.h:38[m[K,
                 from [01m[K/opt/ros/melodic/include/pcl_ros/point_cloud.h:4[m[K,
                 from [01m[K/home/drew/Desktop/capstone/ws/src/cpp_full/cpp_full.cpp:3[m[K:
[01m[K/usr/include/c++/7/iostream:61:18:[m[K [01;36m[Knote: [m[K‘[01m[Kstd::cout[m[K’ declared here
   extern ostream [01;36m[Kcout[m[K;  /// Linked to standard output
                  [01;36m[K^~~~[m[K
[01m[K/home/drew/Desktop/capstone/ws/src/cpp_full/cpp_full.cpp:269:21:[m[K [01;31m[Kerror: [m[K‘[01m[KcloudCounter[m[K’ does not name a type
                     [01;31m[KcloudCounter[m[K++;
                     [01;31m[K^~~~~~~~~~~~[m[K
[01m[K/home/drew/Desktop/capstone/ws/src/cpp_full/cpp_full.cpp:270:26:[m[K [01;31m[Kerror: [m[K‘[01m[Kcout[m[K’ in namespace ‘[01m[Kstd[m[K’ does not name a type
                     std::[01;31m[Kcout[m[K << "Cloud counter: " << cloudCounter << std::endl << std::endl << std::endl;
                          [01;31m[K^~~~[m[K
In file included from [01m[K/opt/ros/melodic/include/ros/time.h:54:0[m[K,
                 from [01m[K/opt/ros/melodic/include/ros/ros.h:38[m[K,
                 from [01m[K/opt/ros/melodic/include/pcl_ros/point_cloud.h:4[m[K,
                 from [01m[K/home/drew/Desktop/capstone/ws/src/cpp_full/cpp_full.cpp:3[m[K:
[01m[K/usr/include/c++/7/iostream:61:18:[m[K [01;36m[Knote: [m[K‘[01m[Kstd::cout[m[K’ declared here
   extern ostream [01;36m[Kcout[m[K;  /// Linked to standard output
                  [01;36m[K^~~~[m[K
[01m[K/home/drew/Desktop/capstone/ws/src/cpp_full/cpp_full.cpp:272:17:[m[K [01;31m[Kerror: [m[Kexpected declaration before ‘[01m[K}[m[K’ token
                 [01;31m[K}[m[K
                 [01;31m[K^[m[K
make[2]: *** [CMakeFiles/cpp_full.dir/cpp_full.cpp.o] Error 1
make[1]: *** [CMakeFiles/cpp_full.dir/all] Error 2
make: *** [all] Error 2
