In file included from [01m[K/home/drew/Desktop/capstone/ws/src/cpp_full/cpp_full.cpp:3:0[m[K:
[01m[K/opt/ros/melodic/include/pcl_ros/point_cloud.h:303:27:[m[K [01;35m[Kwarning: [m[Kvariable templates only available with -std=c++14 or -std=gnu++14
     constexpr static bool [01;35m[Kpcl_uses_boost[m[K = true;
                           [01;35m[K^~~~~~~~~~~~~~[m[K
[01m[K/home/drew/Desktop/capstone/ws/src/cpp_full/cpp_full.cpp:[m[K In function ‘[01m[Kint main(int, char**)[m[K’:
[01m[K/home/drew/Desktop/capstone/ws/src/cpp_full/cpp_full.cpp:97:41:[m[K [01;35m[Kwarning: [m[KNULL used in arithmetic [[01;35m[K-Wpointer-arith[m[K]
             if (previousOdom.x_trans == [01;35m[KNULL[m[K) // if this odom message is our very first reading, use it regardless
                                         [01;35m[K^~~~[m[K
[01m[K/home/drew/Desktop/capstone/ws/src/cpp_full/cpp_full.cpp:[m[K At global scope:
[01m[K/home/drew/Desktop/capstone/ws/src/cpp_full/cpp_full.cpp:314:11:[m[K [01;31m[Kerror: [m[Kexpected constructor, destructor, or type conversion before ‘[01m[K([m[K’ token
     printf[01;31m[K([m[K  "\nPoint cloud colors :  white  = original point cloud\n"
           [01;31m[K^[m[K
[01m[K/home/drew/Desktop/capstone/ws/src/cpp_full/cpp_full.cpp:319:97:[m[K [01;31m[Kerror: [m[K‘[01m[Kconcat_pointcloud[m[K’ was not declared in this scope
     pcl::visualization::PointCloudColorHandlerCustom<pcl::PointXYZ> source_cloud_color_handler ([01;31m[Kconcat_pointcloud[m[K, 255, 255, 255);
                                                                                                 [01;31m[K^~~~~~~~~~~~~~~~~[m[K
[01m[K/home/drew/Desktop/capstone/ws/src/cpp_full/cpp_full.cpp:321:5:[m[K [01;31m[Kerror: [m[K‘[01m[Kviewer[m[K’ does not name a type
     [01;31m[Kviewer[m[K.addPointCloud (concat_pointcloud, source_cloud_color_handler, "concat_pointcloud");
     [01;31m[K^~~~~~[m[K
[01m[K/home/drew/Desktop/capstone/ws/src/cpp_full/cpp_full.cpp:326:5:[m[K [01;31m[Kerror: [m[K‘[01m[Kviewer[m[K’ does not name a type
     [01;31m[Kviewer[m[K.addCoordinateSystem (1.0, "cloud", 0);
     [01;31m[K^~~~~~[m[K
[01m[K/home/drew/Desktop/capstone/ws/src/cpp_full/cpp_full.cpp:327:5:[m[K [01;31m[Kerror: [m[K‘[01m[Kviewer[m[K’ does not name a type
     [01;31m[Kviewer[m[K.setBackgroundColor(0.05, 0.05, 0.05, 0); // Setting background to a dark grey
     [01;31m[K^~~~~~[m[K
[01m[K/home/drew/Desktop/capstone/ws/src/cpp_full/cpp_full.cpp:328:5:[m[K [01;31m[Kerror: [m[K‘[01m[Kviewer[m[K’ does not name a type
     [01;31m[Kviewer[m[K.setPointCloudRenderingProperties (pcl::visualization::PCL_VISUALIZER_POINT_SIZE, 2, "concat_pointcloud");
     [01;31m[K^~~~~~[m[K
[01m[K/home/drew/Desktop/capstone/ws/src/cpp_full/cpp_full.cpp:332:5:[m[K [01;31m[Kerror: [m[Kexpected unqualified-id before ‘[01m[Kwhile[m[K’
     [01;31m[Kwhile[m[K (!viewer.wasStopped ()) { // Display the visualiser until 'q' key is pressed
     [01;31m[K^~~~~[m[K
[01m[K/home/drew/Desktop/capstone/ws/src/cpp_full/cpp_full.cpp:341:5:[m[K [01;31m[Kerror: [m[K‘[01m[Kbag[m[K’ does not name a type
     [01;31m[Kbag[m[K.close();
     [01;31m[K^~~[m[K
[01m[K/home/drew/Desktop/capstone/ws/src/cpp_full/cpp_full.cpp:343:5:[m[K [01;31m[Kerror: [m[Kexpected unqualified-id before ‘[01m[Kreturn[m[K’
     [01;31m[Kreturn[m[K 0;
     [01;31m[K^~~~~~[m[K
[01m[K/home/drew/Desktop/capstone/ws/src/cpp_full/cpp_full.cpp:345:1:[m[K [01;31m[Kerror: [m[Kexpected declaration before ‘[01m[K}[m[K’ token
 [01;31m[K}[m[K
 [01;31m[K^[m[K
make[2]: *** [CMakeFiles/cpp_full.dir/cpp_full.cpp.o] Error 1
make[1]: *** [CMakeFiles/cpp_full.dir/all] Error 2
make: *** [all] Error 2
