[35m[1mScanning dependencies of target cpp_full[0m
[ 50%] [32mBuilding CXX object CMakeFiles/cpp_full.dir/cpp_full.cpp.o[0m
In file included from [01m[K/home/drew/Desktop/capstone/ws/src/cpp_full/cpp_full.cpp:3:0[m[K:
[01m[K/opt/ros/melodic/include/pcl_ros/point_cloud.h:303:27:[m[K [01;35m[Kwarning: [m[Kvariable templates only available with -std=c++14 or -std=gnu++14
     constexpr static bool [01;35m[Kpcl_uses_boost[m[K = true;
                           [01;35m[K^~~~~~~~~~~~~~[m[K
[01m[K/home/drew/Desktop/capstone/ws/src/cpp_full/cpp_full.cpp:[m[K In function ‘[01m[Kint main(int, char**)[m[K’:
[01m[K/home/drew/Desktop/capstone/ws/src/cpp_full/cpp_full.cpp:190:97:[m[K [01;31m[Kerror: [m[K‘[01m[Kpc2[m[K’ was not declared in this scope
     pcl::visualization::PointCloudColorHandlerCustom<pcl::PointXYZ> source_cloud_color_handler ([01;31m[Kpc2[m[K, 255, 255, 255);
                                                                                                 [01;31m[K^~~[m[K
[01m[K/home/drew/Desktop/capstone/ws/src/cpp_full/cpp_full.cpp:190:97:[m[K [01;36m[Knote: [m[Ksuggested alternative:
In file included from [01m[K/usr/include/boost/preprocessor/tuple/elem.hpp:23:0[m[K,
                 from [01m[K/usr/include/boost/preprocessor/arithmetic/add.hpp:21[m[K,
                 from [01m[K/usr/include/boost/mpl/aux_/preprocessor/def_params_tail.hpp:66[m[K,
                 from [01m[K/usr/include/boost/mpl/aux_/na_spec.hpp:28[m[K,
                 from [01m[K/usr/include/boost/mpl/next_prior.hpp:18[m[K,
                 from [01m[K/usr/include/boost/mpl/next.hpp:17[m[K,
                 from [01m[K/usr/include/boost/mpl/list/aux_/push_front.hpp:18[m[K,
                 from [01m[K/usr/include/boost/mpl/list/list0.hpp:19[m[K,
                 from [01m[K/usr/include/boost/mpl/list/list10.hpp:18[m[K,
                 from [01m[K/usr/include/boost/mpl/list/list20.hpp:18[m[K,
                 from [01m[K/usr/include/boost/mpl/list.hpp:36[m[K,
                 from [01m[K/usr/include/boost/math/policies/policy.hpp:9[m[K,
                 from [01m[K/usr/include/boost/math/policies/error_handling.hpp:21[m[K,
                 from [01m[K/usr/include/boost/math/special_functions/round.hpp:14[m[K,
                 from [01m[K/opt/ros/melodic/include/ros/time.h:58[m[K,
                 from [01m[K/opt/ros/melodic/include/ros/ros.h:38[m[K,
                 from [01m[K/opt/ros/melodic/include/pcl_ros/point_cloud.h:4[m[K,
                 from [01m[K/home/drew/Desktop/capstone/ws/src/cpp_full/cpp_full.cpp:3[m[K:
[01m[K/usr/include/pcl-1.8/pcl/point_types.h:535:1:[m[K [01;36m[Knote: [m[K  ‘[01m[Kpcl::fields::pc2[m[K’
 [01;36m[KP[m[KOINT_CLOUD_REGISTER_POINT_STRUCT (pcl::PrincipalCurvatures,
 [01;36m[K^[m[K
[01m[K/home/drew/Desktop/capstone/ws/src/cpp_full/cpp_full.cpp:194:102:[m[K [01;31m[Kerror: [m[K‘[01m[Kpc1[m[K’ was not declared in this scope
     pcl::visualization::PointCloudColorHandlerCustom<pcl::PointXYZ> transformed_cloud_color_handler ([01;31m[Kpc1[m[K, 230, 20, 20); // Red
                                                                                                      [01;31m[K^~~[m[K
[01m[K/home/drew/Desktop/capstone/ws/src/cpp_full/cpp_full.cpp:194:102:[m[K [01;36m[Knote: [m[Ksuggested alternative:
In file included from [01m[K/usr/include/boost/preprocessor/tuple/elem.hpp:23:0[m[K,
                 from [01m[K/usr/include/boost/preprocessor/arithmetic/add.hpp:21[m[K,
                 from [01m[K/usr/include/boost/mpl/aux_/preprocessor/def_params_tail.hpp:66[m[K,
                 from [01m[K/usr/include/boost/mpl/aux_/na_spec.hpp:28[m[K,
                 from [01m[K/usr/include/boost/mpl/next_prior.hpp:18[m[K,
                 from [01m[K/usr/include/boost/mpl/next.hpp:17[m[K,
                 from [01m[K/usr/include/boost/mpl/list/aux_/push_front.hpp:18[m[K,
                 from [01m[K/usr/include/boost/mpl/list/list0.hpp:19[m[K,
                 from [01m[K/usr/include/boost/mpl/list/list10.hpp:18[m[K,
                 from [01m[K/usr/include/boost/mpl/list/list20.hpp:18[m[K,
                 from [01m[K/usr/include/boost/mpl/list.hpp:36[m[K,
                 from [01m[K/usr/include/boost/math/policies/policy.hpp:9[m[K,
                 from [01m[K/usr/include/boost/math/policies/error_handling.hpp:21[m[K,
                 from [01m[K/usr/include/boost/math/special_functions/round.hpp:14[m[K,
                 from [01m[K/opt/ros/melodic/include/ros/time.h:58[m[K,
                 from [01m[K/opt/ros/melodic/include/ros/ros.h:38[m[K,
                 from [01m[K/opt/ros/melodic/include/pcl_ros/point_cloud.h:4[m[K,
                 from [01m[K/home/drew/Desktop/capstone/ws/src/cpp_full/cpp_full.cpp:3[m[K:
[01m[K/usr/include/pcl-1.8/pcl/point_types.h:535:1:[m[K [01;36m[Knote: [m[K  ‘[01m[Kpcl::fields::pc1[m[K’
 [01;36m[KP[m[KOINT_CLOUD_REGISTER_POINT_STRUCT (pcl::PrincipalCurvatures,
 [01;36m[K^[m[K
CMakeFiles/cpp_full.dir/build.make:62: recipe for target 'CMakeFiles/cpp_full.dir/cpp_full.cpp.o' failed
make[2]: *** [CMakeFiles/cpp_full.dir/cpp_full.cpp.o] Error 1
CMakeFiles/Makefile2:67: recipe for target 'CMakeFiles/cpp_full.dir/all' failed
make[1]: *** [CMakeFiles/cpp_full.dir/all] Error 2
Makefile:140: recipe for target 'all' failed
make: *** [all] Error 2
