In file included from [01m[K/home/drew/Desktop/capstone/ws/src/cpp_full/cpp_full.cpp:3:0[m[K:
[01m[K/opt/ros/melodic/include/pcl_ros/point_cloud.h:303:27:[m[K [01;35m[Kwarning: [m[Kvariable templates only available with -std=c++14 or -std=gnu++14
     constexpr static bool [01;35m[Kpcl_uses_boost[m[K = true;
                           [01;35m[K^~~~~~~~~~~~~~[m[K
[01m[K/home/drew/Desktop/capstone/ws/src/cpp_full/cpp_full.cpp:[m[K In function ‘[01m[Kint main(int, char**)[m[K’:
[01m[K/home/drew/Desktop/capstone/ws/src/cpp_full/cpp_full.cpp:99:41:[m[K [01;35m[Kwarning: [m[KNULL used in arithmetic [[01;35m[K-Wpointer-arith[m[K]
             if (previousOdom.x_trans == [01;35m[KNULL[m[K) // if this odom message is our very first reading, use it regardless
                                         [01;35m[K^~~~[m[K
[01m[K/home/drew/Desktop/capstone/ws/src/cpp_full/cpp_full.cpp:213:46:[m[K [01;31m[Kerror: [m[Kredeclaration of ‘[01m[Kpcl::visualization::PCLVisualizer viewer[m[K’
     pcl::visualization::PCLVisualizer viewer [01;31m[K([m[K"After voxelgrid filter");
                                              [01;31m[K^[m[K
[01m[K/home/drew/Desktop/capstone/ws/src/cpp_full/cpp_full.cpp:166:39:[m[K [01;36m[Knote: [m[K‘[01m[Kpcl::visualization::PCLVisualizer viewer[m[K’ previously declared here
     pcl::visualization::PCLVisualizer [01;36m[Kviewer[m[K ("Matrix transformation example");
                                       [01;36m[K^~~~~~[m[K
[01m[K/home/drew/Desktop/capstone/ws/src/cpp_full/cpp_full.cpp:216:97:[m[K [01;31m[Kerror: [m[Kredeclaration of ‘[01m[Kpcl::visualization::PointCloudColorHandlerCustom<pcl::PointXYZ> source_cloud_color_handler[m[K’
     pcl::visualization::PointCloudColorHandlerCustom<pcl::PointXYZ> source_cloud_color_handler ([01;31m[Kcloud_filtered[m[K, 255, 255, 255);
                                                                                                 [01;31m[K^~~~~~~~~~~~~~[m[K
[01m[K/home/drew/Desktop/capstone/ws/src/cpp_full/cpp_full.cpp:169:69:[m[K [01;36m[Knote: [m[K‘[01m[Kpcl::visualization::PointCloudColorHandlerCustom<pcl::PointXYZ> source_cloud_color_handler[m[K’ previously declared here
     pcl::visualization::PointCloudColorHandlerCustom<pcl::PointXYZ> [01;36m[Ksource_cloud_color_handler[m[K (concat_pointcloud, 255, 255, 255);
                                                                     [01;36m[K^~~~~~~~~~~~~~~~~~~~~~~~~~[m[K
make[2]: *** [CMakeFiles/cpp_full.dir/cpp_full.cpp.o] Error 1
make[1]: *** [CMakeFiles/cpp_full.dir/all] Error 2
make: *** [all] Error 2
