In file included from [01m[K/home/drew/Desktop/capstone/ws/src/cpp_full/cpp_full.cpp:3:0[m[K:
[01m[K/opt/ros/melodic/include/pcl_ros/point_cloud.h:303:27:[m[K [01;35m[Kwarning: [m[Kvariable templates only available with -std=c++14 or -std=gnu++14
     constexpr static bool [01;35m[Kpcl_uses_boost[m[K = true;
                           [01;35m[K^~~~~~~~~~~~~~[m[K
[01m[K/home/drew/Desktop/capstone/ws/src/cpp_full/cpp_full.cpp:[m[K In function ‘[01m[Kint main(int, char**)[m[K’:
[01m[K/home/drew/Desktop/capstone/ws/src/cpp_full/cpp_full.cpp:96:23:[m[K [01;31m[Kerror: [m[Kno match for ‘[01m[Koperator<<[m[K’ (operand types are ‘[01m[Kstd::ostream {aka std::basic_ostream<char>}[m[K’ and ‘[01m[KOdometry[m[K’)
             [01;31m[Kstd::cout << currentOdom[m[K << std::endl;
             [01;31m[K~~~~~~~~~~^~~~~~~~~~~~~~[m[K
In file included from [01m[K/usr/include/c++/7/iostream:39:0[m[K,
                 from [01m[K/opt/ros/melodic/include/ros/time.h:54[m[K,
                 from [01m[K/opt/ros/melodic/include/ros/ros.h:38[m[K,
                 from [01m[K/opt/ros/melodic/include/pcl_ros/point_cloud.h:4[m[K,
                 from [01m[K/home/drew/Desktop/capstone/ws/src/cpp_full/cpp_full.cpp:3[m[K:
[01m[K/usr/include/c++/7/ostream:108:7:[m[K [01;36m[Knote: [m[Kcandidate: std::basic_ostream<_CharT, _Traits>::__ostream_type& std::basic_ostream<_CharT, _Traits>::operator<<(std::basic_ostream<_CharT, _Traits>::__ostream_type& (*)(std::basic_ostream<_CharT, _Traits>::__ostream_type&)) [with _CharT = char; _Traits = std::char_traits<char>; std::basic_ostream<_CharT, _Traits>::__ostream_type = std::basic_ostream<char>]
       [01;36m[Koperator[m[K<<(__ostream_type& (*__pf)(__ostream_type&))
       [01;36m[K^~~~~~~~[m[K
[01m[K/usr/include/c++/7/ostream:108:7:[m[K [01;36m[Knote: [m[K  no known conversion for argument 1 from ‘[01m[KOdometry[m[K’ to ‘[01m[Kstd::basic_ostream<char>::__ostream_type& (*)(std::basic_ostream<char>::__ostream_type&) {aka std::basic_ostream<char>& (*)(std::basic_ostream<char>&)}[m[K’
[01m[K/usr/include/c++/7/ostream:117:7:[m[K [01;36m[Knote: [m[Kcandidate: std::basic_ostream<_CharT, _Traits>::__ostream_type& std::basic_ostream<_CharT, _Traits>::operator<<(std::basic_ostream<_CharT, _Traits>::__ios_type& (*)(std::basic_ostream<_CharT, _Traits>::__ios_type&)) [with _CharT = char; _Traits = std::char_traits<char>; std::basic_ostream<_CharT, _Traits>::__ostream_type = std::basic_ostream<char>; std::basic_ostream<_CharT, _Traits>::__ios_type = std::basic_ios<char>]
       [01;36m[Koperator[m[K<<(__ios_type& (*__pf)(__ios_type&))
       [01;36m[K^~~~~~~~[m[K
[01m[K/usr/include/c++/7/ostream:117:7:[m[K [01;36m[Knote: [m[K  no known conversion for argument 1 from ‘[01m[KOdometry[m[K’ to ‘[01m[Kstd::basic_ostream<char>::__ios_type& (*)(std::basic_ostream<char>::__ios_type&) {aka std::basic_ios<char>& (*)(std::basic_ios<char>&)}[m[K’
[01m[K/usr/include/c++/7/ostream:127:7:[m[K [01;36m[Knote: [m[Kcandidate: std::basic_ostream<_CharT, _Traits>::__ostream_type& std::basic_ostream<_CharT, _Traits>::operator<<(std::ios_base& (*)(std::ios_base&)) [with _CharT = char; _Traits = std::char_traits<char>; std::basic_ostream<_CharT, _Traits>::__ostream_type = std::basic_ostream<char>]
       [01;36m[Koperator[m[K<<(ios_base& (*__pf) (ios_base&))
       [01;36m[K^~~~~~~~[m[K
[01m[K/usr/include/c++/7/ostream:127:7:[m[K [01;36m[Knote: [m[K  no known conversion for argument 1 from ‘[01m[KOdometry[m[K’ to ‘[01m[Kstd::ios_base& (*)(std::ios_base&)[m[K’
[01m[K/usr/include/c++/7/ostream:166:7:[m[K [01;36m[Knote: [m[Kcandidate: std::basic_ostream<_CharT, _Traits>::__ostream_type& std::basic_ostream<_CharT, _Traits>::operator<<(long int) [with _CharT = char; _Traits = std::char_traits<char>; std::basic_ostream<_CharT, _Traits>::__ostream_type = std::basic_ostream<char>]
       [01;36m[Koperator[m[K<<(long __n)
       [01;36m[K^~~~~~~~[m[K
[01m[K/usr/include/c++/7/ostream:166:7:[m[K [01;36m[Knote: [m[K  no known conversion for argument 1 from ‘[01m[KOdometry[m[K’ to ‘[01m[Klong int[m[K’
[01m[K/usr/include/c++/7/ostream:170:7:[m[K [01;36m[Knote: [m[Kcandidate: std::basic_ostream<_CharT, _Traits>::__ostream_type& std::basic_ostream<_CharT, _Traits>::operator<<(long unsigned int) [with _CharT = char; _Traits = std::char_traits<char>; std::basic_ostream<_CharT, _Traits>::__ostream_type = std::basic_ostream<char>]
       [01;36m[Koperator[m[K<<(unsigned long __n)
       [01;36m[K^~~~~~~~[m[K
[01m[K/usr/include/c++/7/ostream:170:7:[m[K [01;36m[Knote: [m[K  no known conversion for argument 1 from ‘[01m[KOdometry[m[K’ to ‘[01m[Klong unsigned int[m[K’
[01m[K/usr/include/c++/7/ostream:174:7:[m[K [01;36m[Knote: [m[Kcandidate: std::basic_ostream<_CharT, _Traits>::__ostream_type& std::basic_ostream<_CharT, _Traits>::operator<<(bool) [with _CharT = char; _Traits = std::char_traits<char>; std::basic_ostream<_CharT, _Traits>::__ostream_type = std::basic_ostream<char>]
       [01;36m[Koperator[m[K<<(bool __n)
       [01;36m[K^~~~~~~~[m[K
[01m[K/usr/include/c++/7/ostream:174:7:[m[K [01;36m[Knote: [m[K  no known conversion for argument 1 from ‘[01m[KOdometry[m[K’ to ‘[01m[Kbool[m[K’
In file included from [01m[K/usr/include/c++/7/ostream:693:0[m[K,
                 from [01m[K/usr/include/c++/7/iostream:39[m[K,
                 from [01m[K/opt/ros/melodic/include/ros/time.h:54[m[K,
                 from [01m[K/opt/ros/melodic/include/ros/ros.h:38[m[K,
                 from [01m[K/opt/ros/melodic/include/pcl_ros/point_cloud.h:4[m[K,
                 from [01m[K/home/drew/Desktop/capstone/ws/src/cpp_full/cpp_full.cpp:3[m[K:
[01m[K/usr/include/c++/7/bits/ostream.tcc:91:5:[m[K [01;36m[Knote: [m[Kcandidate: std::basic_ostream<_CharT, _Traits>& std::basic_ostream<_CharT, _Traits>::operator<<(short int) [with _CharT = char; _Traits = std::char_traits<char>]
     [01;36m[Kbasic_ostream<_CharT, _Traits>[m[K::
     [01;36m[K^~~~~~~~~~~~~~~~~~~~~~~~~~~~~~[m[K
[01m[K/usr/include/c++/7/bits/ostream.tcc:91:5:[m[K [01;36m[Knote: [m[K  no known conversion for argument 1 from ‘[01m[KOdometry[m[K’ to ‘[01m[Kshort int[m[K’
In file included from [01m[K/usr/include/c++/7/iostream:39:0[m[K,
                 from [01m[K/opt/ros/melodic/include/ros/time.h:54[m[K,
                 from [01m[K/opt/ros/melodic/include/ros/ros.h:38[m[K,
                 from [01m[K/opt/ros/melodic/include/pcl_ros/point_cloud.h:4[m[K,
                 from [01m[K/home/drew/Desktop/capstone/ws/src/cpp_full/cpp_full.cpp:3[m[K:
[01m[K/usr/include/c++/7/ostream:181:7:[m[K [01;36m[Knote: [m[Kcandidate: std::basic_ostream<_CharT, _Traits>::__ostream_type& std::basic_ostream<_CharT, _Traits>::operator<<(short unsigned int) [with _CharT = char; _Traits = std::char_traits<char>; std::basic_ostream<_CharT, _Traits>::__ostream_type = std::basic_ostream<char>]
       [01;36m[Koperator[m[K<<(unsigned short __n)
       [01;36m[K^~~~~~~~[m[K
[01m[K/usr/include/c++/7/ostream:181:7:[m[K [01;36m[Knote: [m[K  no known conversion for argument 1 from ‘[01m[KOdometry[m[K’ to ‘[01m[Kshort unsigned int[m[K’
In file included from [01m[K/usr/include/c++/7/ostream:693:0[m[K,
                 from [01m[K/usr/include/c++/7/iostream:39[m[K,
                 from [01m[K/opt/ros/melodic/include/ros/time.h:54[m[K,
                 from [01m[K/opt/ros/melodic/include/ros/ros.h:38[m[K,
                 from [01m[K/opt/ros/melodic/include/pcl_ros/point_cloud.h:4[m[K,
                 from [01m[K/home/drew/Desktop/capstone/ws/src/cpp_full/cpp_full.cpp:3[m[K:
[01m[K/usr/include/c++/7/bits/ostream.tcc:105:5:[m[K [01;36m[Knote: [m[Kcandidate: std::basic_ostream<_CharT, _Traits>& std::basic_ostream<_CharT, _Traits>::operator<<(int) [with _CharT = char; _Traits = std::char_traits<char>]
     [01;36m[Kbasic_ostream<_CharT, _Traits>[m[K::
     [01;36m[K^~~~~~~~~~~~~~~~~~~~~~~~~~~~~~[m[K
[01m[K/usr/include/c++/7/bits/ostream.tcc:105:5:[m[K [01;36m[Knote: [m[K  no known conversion for argument 1 from ‘[01m[KOdometry[m[K’ to ‘[01m[Kint[m[K’
In file included from [01m[K/usr/include/c++/7/iostream:39:0[m[K,
                 from [01m[K/opt/ros/melodic/include/ros/time.h:54[m[K,
                 from [01m[K/opt/ros/melodic/include/ros/ros.h:38[m[K,
                 from [01m[K/opt/ros/melodic/include/pcl_ros/point_cloud.h:4[m[K,
                 from [01m[K/home/drew/Desktop/capstone/ws/src/cpp_full/cpp_full.cpp:3[m[K:
[01m[K/usr/include/c++/7/ostream:192:7:[m[K [01;36m[Knote: [m[Kcandidate: std::basic_ostream<_CharT, _Traits>::__ostream_type& std::basic_ostream<_CharT, _Traits>::operator<<(unsigned int) [with _CharT = char; _Traits = std::char_traits<char>; std::basic_ostream<_CharT, _Traits>::__ostream_type = std::basic_ostream<char>]
       [01;36m[Koperator[m[K<<(unsigned int __n)
       [01;36m[K^~~~~~~~[m[K
[01m[K/usr/include/c++/7/ostream:192:7:[m[K [01;36m[Knote: [m[K  no known conversion for argument 1 from ‘[01m[KOdometry[m[K’ to ‘[01m[Kunsigned int[m[K’
[01m[K/usr/include/c++/7/ostream:201:7:[m[K [01;36m[Knote: [m[Kcandidate: std::basic_ostream<_CharT, _Traits>::__ostream_type& std::basic_ostream<_CharT, _Traits>::operator<<(long long int) [with _CharT = char; _Traits = std::char_traits<char>; std::basic_ostream<_CharT, _Traits>::__ostream_type = std::basic_ostream<char>]
       [01;36m[Koperator[m[K<<(long long __n)
       [01;36m[K^~~~~~~~[m[K
[01m[K/usr/include/c++/7/ostream:201:7:[m[K [01;36m[Knote: [m[K  no known conversion for argument 1 from ‘[01m[KOdometry[m[K’ to ‘[01m[Klong long int[m[K’
[01m[K/usr/include/c++/7/ostream:205:7:[m[K [01;36m[Knote: [m[Kcandidate: std::basic_ostream<_CharT, _Traits>::__ostream_type& std::basic_ostream<_CharT, _Traits>::operator<<(long long unsigned int) [with _CharT = char; _Traits = std::char_traits<char>; std::basic_ostream<_CharT, _Traits>::__ostream_type = std::basic_ostream<char>]
       [01;36m[Koperator[m[K<<(unsigned long long __n)
       [01;36m[K^~~~~~~~[m[K
[01m[K/usr/include/c++/7/ostream:205:7:[m[K [01;36m[Knote: [m[K  no known conversion for argument 1 from ‘[01m[KOdometry[m[K’ to ‘[01m[Klong long unsigned int[m[K’
[01m[K/usr/include/c++/7/ostream:220:7:[m[K [01;36m[Knote: [m[Kcandidate: std::basic_ostream<_CharT, _Traits>::__ostream_type& std::basic_ostream<_CharT, _Traits>::operator<<(double) [with _CharT = char; _Traits = std::char_traits<char>; std::basic_ostream<_CharT, _Traits>::__ostream_type = std::basic_ostream<char>]
       [01;36m[Koperator[m[K<<(double __f)
       [01;36m[K^~~~~~~~[m[K
[01m[K/usr/include/c++/7/ostream:220:7:[m[K [01;36m[Knote: [m[K  no known conversion for argument 1 from ‘[01m[KOdometry[m[K’ to ‘[01m[Kdouble[m[K’
[01m[K/usr/include/c++/7/ostream:224:7:[m[K [01;36m[Knote: [m[Kcandidate: std::basic_ostream<_CharT, _Traits>::__ostream_type& std::basic_ostream<_CharT, _Traits>::operator<<(float) [with _CharT = char; _Traits = std::char_traits<char>; std::basic_ostream<_CharT, _Traits>::__ostream_type = std::basic_ostream<char>]
       [01;36m[Koperator[m[K<<(float __f)
       [01;36m[K^~~~~~~~[m[K
[01m[K/usr/include/c++/7/ostream:224:7:[m[K [01;36m[Knote: [m[K  no known conversion for argument 1 from ‘[01m[KOdometry[m[K’ to ‘[01m[Kfloat[m[K’
[01m[K/usr/include/c++/7/ostream:232:7:[m[K [01;36m[Knote: [m[Kcandidate: std::basic_ostream<_CharT, _Traits>::__ostream_type& std::basic_ostream<_CharT, _Traits>::operator<<(long double) [with _CharT = char; _Traits = std::char_traits<char>; std::basic_ostream<_CharT, _Traits>::__ostream_type = std::basic_ostream<char>]
       [01;36m[Koperator[m[K<<(long double __f)
       [01;36m[K^~~~~~~~[m[K
[01m[K/usr/include/c++/7/ostream:232:7:[m[K [01;36m[Knote: [m[K  no known conversion for argument 1 from ‘[01m[KOdometry[m[K’ to ‘[01m[Klong double[m[K’
[01m[K/usr/include/c++/7/ostream:245:7:[m[K [01;36m[Knote: [m[Kcandidate: std::basic_ostream<_CharT, _Traits>::__ostream_type& std::basic_ostream<_CharT, _Traits>::operator<<(const void*) [with _CharT = char; _Traits = std::char_traits<char>; std::basic_ostream<_CharT, _Traits>::__ostream_type = std::basic_ostream<char>]
       [01;36m[Koperator[m[K<<(const void* __p)
       [01;36m[K^~~~~~~~[m[K
[01m[K/usr/include/c++/7/ostream:245:7:[m[K [01;36m[Knote: [m[K  no known conversion for argument 1 from ‘[01m[KOdometry[m[K’ to ‘[01m[Kconst void*[m[K’
In file included from [01m[K/usr/include/c++/7/ostream:693:0[m[K,
                 from [01m[K/usr/include/c++/7/iostream:39[m[K,
                 from [01m[K/opt/ros/melodic/include/ros/time.h:54[m[K,
                 from [01m[K/opt/ros/melodic/include/ros/ros.h:38[m[K,
                 from [01m[K/opt/ros/melodic/include/pcl_ros/point_cloud.h:4[m[K,
                 from [01m[K/home/drew/Desktop/capstone/ws/src/cpp_full/cpp_full.cpp:3[m[K:
[01m[K/usr/include/c++/7/bits/ostream.tcc:119:5:[m[K [01;36m[Knote: [m[Kcandidate: std::basic_ostream<_CharT, _Traits>& std::basic_ostream<_CharT, _Traits>::operator<<(std::basic_ostream<_CharT, _Traits>::__streambuf_type*) [with _CharT = char; _Traits = std::char_traits<char>; std::basic_ostream<_CharT, _Traits>::__streambuf_type = std::basic_streambuf<char>]
     [01;36m[Kbasic_ostream<_CharT, _Traits>[m[K::
     [01;36m[K^~~~~~~~~~~~~~~~~~~~~~~~~~~~~~[m[K
[01m[K/usr/include/c++/7/bits/ostream.tcc:119:5:[m[K [01;36m[Knote: [m[K  no known conversion for argument 1 from ‘[01m[KOdometry[m[K’ to ‘[01m[Kstd::basic_ostream<char>::__streambuf_type* {aka std::basic_streambuf<char>*}[m[K’
In file included from [01m[K/usr/include/vtk-6.3/vtkAbstractArray.h:46:0[m[K,
                 from [01m[K/usr/include/vtk-6.3/vtkDataArray.h:38[m[K,
                 from [01m[K/usr/include/vtk-6.3/vtkPoints.h:26[m[K,
                 from [01m[K/usr/include/pcl-1.8/pcl/visualization/point_cloud_geometry_handlers.h:49[m[K,
                 from [01m[K/usr/include/pcl-1.8/pcl/visualization/point_cloud_handlers.h:41[m[K,
                 from [01m[K/usr/include/pcl-1.8/pcl/visualization/common/actor_map.h:40[m[K,
                 from [01m[K/usr/include/pcl-1.8/pcl/visualization/pcl_visualizer.h:48[m[K,
                 from [01m[K/home/drew/Desktop/capstone/ws/src/cpp_full/cpp_full.cpp:26[m[K:
[01m[K/usr/include/vtk-6.3/vtkVariant.h:398:40:[m[K [01;36m[Knote: [m[Kcandidate: std::ostream& operator<<(std::ostream&, const vtkVariant&)
   friend VTKCOMMONCORE_EXPORT ostream& [01;36m[Koperator[m[K << ( ostream& os, const vtkVariant& val );
                                        [01;36m[K^~~~~~~~[m[K
[01m[K/usr/include/vtk-6.3/vtkVariant.h:398:40:[m[K [01;36m[Knote: [m[K  no known conversion for argument 2 from ‘[01m[KOdometry[m[K’ to ‘[01m[Kconst vtkVariant&[m[K’
In file included from [01m[K/usr/include/vtk-6.3/vtkVariant.h:36:0[m[K,
                 from [01m[K/usr/include/vtk-6.3/vtkAbstractArray.h:46[m[K,
                 from [01m[K/usr/include/vtk-6.3/vtkDataArray.h:38[m[K,
                 from [01m[K/usr/include/vtk-6.3/vtkPoints.h:26[m[K,
                 from [01m[K/usr/include/pcl-1.8/pcl/visualization/point_cloud_geometry_handlers.h:49[m[K,
                 from [01m[K/usr/include/pcl-1.8/pcl/visualization/point_cloud_handlers.h:41[m[K,
                 from [01m[K/usr/include/pcl-1.8/pcl/visualization/common/actor_map.h:40[m[K,
                 from [01m[K/usr/include/pcl-1.8/pcl/visualization/pcl_visualizer.h:48[m[K,
                 from [01m[K/home/drew/Desktop/capstone/ws/src/cpp_full/cpp_full.cpp:26[m[K:
[01m[K/usr/include/vtk-6.3/vtkStdString.h:29:31:[m[K [01;36m[Knote: [m[Kcandidate: std::ostream& operator<<(std::ostream&, const vtkStdString&)
 VTKCOMMONCORE_EXPORT ostream& [01;36m[Koperator[m[K<<(ostream&, const vtkStdString&);
                               [01;36m[K^~~~~~~~[m[K
[01m[K/usr/include/vtk-6.3/vtkStdString.h:29:31:[m[K [01;36m[Knote: [m[K  no known conversion for argument 2 from ‘[01m[KOdometry[m[K’ to ‘[01m[Kconst vtkStdString&[m[K’
In file included from [01m[K/usr/include/vtk-6.3/vtkObject.h:45:0[m[K,
                 from [01m[K/usr/include/vtk-6.3/vtkPoints.h:24[m[K,
                 from [01m[K/usr/include/pcl-1.8/pcl/visualization/point_cloud_geometry_handlers.h:49[m[K,
                 from [01m[K/usr/include/pcl-1.8/pcl/visualization/point_cloud_handlers.h:41[m[K,
                 from [01m[K/usr/include/pcl-1.8/pcl/visualization/common/actor_map.h:40[m[K,
                 from [01m[K/usr/include/pcl-1.8/pcl/visualization/pcl_visualizer.h:48[m[K,
                 from [01m[K/home/drew/Desktop/capstone/ws/src/cpp_full/cpp_full.cpp:26[m[K:
[01m[K/usr/include/vtk-6.3/vtkWeakPointerBase.h:108:31:[m[K [01;36m[Knote: [m[Kcandidate: std::ostream& operator<<(std::ostream&, const vtkWeakPointerBase&)
 VTKCOMMONCORE_EXPORT ostream& [01;36m[Koperator[m[K << (ostream& os,
                               [01;36m[K^~~~~~~~[m[K
[01m[K/usr/include/vtk-6.3/vtkWeakPointerBase.h:108:31:[m[K [01;36m[Knote: [m[K  no known conversion for argument 2 from ‘[01m[KOdometry[m[K’ to ‘[01m[Kconst vtkWeakPointerBase&[m[K’
In file included from [01m[K/usr/include/pcl-1.8/pcl/visualization/point_cloud_geometry_handlers.h:48:0[m[K,
                 from [01m[K/usr/include/pcl-1.8/pcl/visualization/point_cloud_handlers.h:41[m[K,
                 from [01m[K/usr/include/pcl-1.8/pcl/visualization/common/actor_map.h:40[m[K,
                 from [01m[K/usr/include/pcl-1.8/pcl/visualization/pcl_visualizer.h:48[m[K,
                 from [01m[K/home/drew/Desktop/capstone/ws/src/cpp_full/cpp_full.cpp:26[m[K:
[01m[K/usr/include/vtk-6.3/vtkSmartPointer.h:206:17:[m[K [01;36m[Knote: [m[Kcandidate: template<class T> std::ostream& operator<<(std::ostream&, const vtkSmartPointer<T>&)
 inline ostream& [01;36m[Koperator[m[K << (ostream& os, const vtkSmartPointer<T>& p)
                 [01;36m[K^~~~~~~~[m[K
[01m[K/usr/include/vtk-6.3/vtkSmartPointer.h:206:17:[m[K [01;36m[Knote: [m[K  template argument deduction/substitution failed:
[01m[K/home/drew/Desktop/capstone/ws/src/cpp_full/cpp_full.cpp:96:26:[m[K [01;36m[Knote: [m[K  ‘[01m[KOdometry[m[K’ is not derived from ‘[01m[Kconst vtkSmartPointer<T>[m[K’
             std::cout << [01;36m[KcurrentOdom[m[K << std::endl;
                          [01;36m[K^~~~~~~~~~~[m[K
In file included from [01m[K/usr/include/vtk-6.3/vtkSmartPointer.h:23:0[m[K,
                 from [01m[K/usr/include/pcl-1.8/pcl/visualization/point_cloud_geometry_handlers.h:48[m[K,
                 from [01m[K/usr/include/pcl-1.8/pcl/visualization/point_cloud_handlers.h:41[m[K,
                 from [01m[K/usr/include/pcl-1.8/pcl/visualization/common/actor_map.h:40[m[K,
                 from [01m[K/usr/include/pcl-1.8/pcl/visualization/pcl_visualizer.h:48[m[K,
                 from [01m[K/home/drew/Desktop/capstone/ws/src/cpp_full/cpp_full.cpp:26[m[K:
[01m[K/usr/include/vtk-6.3/vtkSmartPointerBase.h:116:31:[m[K [01;36m[Knote: [m[Kcandidate: std::ostream& operator<<(std::ostream&, const vtkSmartPointerBase&)
 VTKCOMMONCORE_EXPORT ostream& [01;36m[Koperator[m[K << (ostream& os,
                               [01;36m[K^~~~~~~~[m[K
[01m[K/usr/include/vtk-6.3/vtkSmartPointerBase.h:116:31:[m[K [01;36m[Knote: [m[K  no known conversion for argument 2 from ‘[01m[KOdometry[m[K’ to ‘[01m[Kconst vtkSmartPointerBase&[m[K’
In file included from [01m[K/usr/include/vtk-6.3/vtkObjectBase.h:44:0[m[K,
                 from [01m[K/usr/include/vtk-6.3/vtkSmartPointerBase.h:27[m[K,
                 from [01m[K/usr/include/vtk-6.3/vtkSmartPointer.h:23[m[K,
                 from [01m[K/usr/include/pcl-1.8/pcl/visualization/point_cloud_geometry_handlers.h:48[m[K,
                 from [01m[K/usr/include/pcl-1.8/pcl/visualization/point_cloud_handlers.h:41[m[K,
                 from [01m[K/usr/include/pcl-1.8/pcl/visualization/common/actor_map.h:40[m[K,
                 from [01m[K/usr/include/pcl-1.8/pcl/visualization/pcl_visualizer.h:48[m[K,
                 from [01m[K/home/drew/Desktop/capstone/ws/src/cpp_full/cpp_full.cpp:26[m[K:
[01m[K/usr/include/vtk-6.3/vtkIndent.h:45:40:[m[K [01;36m[Knote: [m[Kcandidate: std::ostream& operator<<(std::ostream&, const vtkIndent&)
   friend VTKCOMMONCORE_EXPORT ostream& [01;36m[Koperator[m[K<<(ostream& os, const vtkIndent& o);
                                        [01;36m[K^~~~~~~~[m[K
[01m[K/usr/include/vtk-6.3/vtkIndent.h:45:40:[m[K [01;36m[Knote: [m[K  no known conversion for argument 2 from ‘[01m[KOdometry[m[K’ to ‘[01m[Kconst vtkIndent&[m[K’
In file included from [01m[K/opt/ros/melodic/include/ros/node_handle.h:52:0[m[K,
                 from [01m[K/opt/ros/melodic/include/ros/ros.h:45[m[K,
                 from [01m[K/opt/ros/melodic/include/pcl_ros/point_cloud.h:4[m[K,
                 from [01m[K/home/drew/Desktop/capstone/ws/src/cpp_full/cpp_full.cpp:3[m[K:
[01m[K/opt/ros/melodic/include/xmlrpcpp/XmlRpcValue.h:207:29:[m[K [01;36m[Knote: [m[Kcandidate: std::ostream& operator<<(std::ostream&, const XmlRpc::XmlRpcValue&)
 XMLRPCPP_DECL std::ostream& [01;36m[Koperator[m[K<<(std::ostream& os, const XmlRpc::XmlRpcValue& v);
                             [01;36m[K^~~~~~~~[m[K
[01m[K/opt/ros/melodic/include/xmlrpcpp/XmlRpcValue.h:207:29:[m[K [01;36m[Knote: [m[K  no known conversion for argument 2 from ‘[01m[KOdometry[m[K’ to ‘[01m[Kconst XmlRpc::XmlRpcValue&[m[K’
In file included from [01m[K/usr/include/pcl-1.8/pcl/point_types.h:43:0[m[K,
                 from [01m[K/usr/include/pcl-1.8/pcl/common/impl/copy_point.hpp:41[m[K,
                 from [01m[K/usr/include/pcl-1.8/pcl/common/copy_point.h:59[m[K,
                 from [01m[K/usr/include/pcl-1.8/pcl/common/impl/io.hpp:45[m[K,
                 from [01m[K/usr/include/pcl-1.8/pcl/common/io.h:531[m[K,
                 from [01m[K/usr/include/pcl-1.8/pcl/io/file_io.h:42[m[K,
                 from [01m[K/usr/include/pcl-1.8/pcl/io/pcd_io.h:44[m[K,
                 from [01m[K/opt/ros/melodic/include/pcl_conversions/pcl_conversions.h:70[m[K,
                 from [01m[K/opt/ros/melodic/include/pcl_ros/point_cloud.h:9[m[K,
                 from [01m[K/home/drew/Desktop/capstone/ws/src/cpp_full/cpp_full.cpp:3[m[K:
[01m[K/usr/include/c++/7/bitset:1530:5:[m[K [01;36m[Knote: [m[Kcandidate: template<class _CharT, class _Traits, long unsigned int _Nb> std::basic_ostream<_CharT, _Traits>& std::operator<<(std::basic_ostream<_CharT, _Traits>&, const std::bitset<_Nb>&)
     [01;36m[Koperator[m[K<<(std::basic_ostream<_CharT, _Traits>& __os,
     [01;36m[K^~~~~~~~[m[K
[01m[K/usr/include/c++/7/bitset:1530:5:[m[K [01;36m[Knote: [m[K  template argument deduction/substitution failed:
[01m[K/home/drew/Desktop/capstone/ws/src/cpp_full/cpp_full.cpp:96:26:[m[K [01;36m[Knote: [m[K  ‘[01m[KOdometry[m[K’ is not derived from ‘[01m[Kconst std::bitset<_Nb>[m[K’
             std::cout << [01;36m[KcurrentOdom[m[K << std::endl;
                          [01;36m[K^~~~~~~~~~~[m[K
In file included from [01m[K/usr/include/c++/7/memory:81:0[m[K,
                 from [01m[K/usr/include/boost/config/no_tr1/memory.hpp:21[m[K,
                 from [01m[K/usr/include/boost/smart_ptr/shared_ptr.hpp:23[m[K,
                 from [01m[K/usr/include/boost/shared_ptr.hpp:17[m[K,
                 from [01m[K/opt/ros/melodic/include/ros/forwards.h:37[m[K,
                 from [01m[K/opt/ros/melodic/include/ros/common.h:37[m[K,
                 from [01m[K/opt/ros/melodic/include/ros/ros.h:43[m[K,
                 from [01m[K/opt/ros/melodic/include/pcl_ros/point_cloud.h:4[m[K,
                 from [01m[K/home/drew/Desktop/capstone/ws/src/cpp_full/cpp_full.cpp:3[m[K:
[01m[K/usr/include/c++/7/bits/shared_ptr.h:66:5:[m[K [01;36m[Knote: [m[Kcandidate: template<class _Ch, class _Tr, class _Tp, __gnu_cxx::_Lock_policy _Lp> std::basic_ostream<_CharT, _Traits>& std::operator<<(std::basic_ostream<_CharT, _Traits>&, const std::__shared_ptr<_Tp, _Lp>&)
     [01;36m[Koperator[m[K<<(std::basic_ostream<_Ch, _Tr>& __os,
     [01;36m[K^~~~~~~~[m[K
[01m[K/usr/include/c++/7/bits/shared_ptr.h:66:5:[m[K [01;36m[Knote: [m[K  template argument deduction/substitution failed:
[01m[K/home/drew/Desktop/capstone/ws/src/cpp_full/cpp_full.cpp:96:26:[m[K [01;36m[Knote: [m[K  ‘[01m[KOdometry[m[K’ is not derived from ‘[01m[Kconst std::__shared_ptr<_Tp, _Lp>[m[K’
             std::cout << [01;36m[KcurrentOdom[m[K << std::endl;
                          [01;36m[K^~~~~~~~~~~[m[K
In file included from [01m[K/usr/include/boost/config/no_tr1/complex.hpp:21:0[m[K,
                 from [01m[K/usr/include/boost/math/policies/error_handling.hpp:17[m[K,
                 from [01m[K/usr/include/boost/math/special_functions/round.hpp:14[m[K,
                 from [01m[K/opt/ros/melodic/include/ros/time.h:58[m[K,
                 from [01m[K/opt/ros/melodic/include/ros/ros.h:38[m[K,
                 from [01m[K/opt/ros/melodic/include/pcl_ros/point_cloud.h:4[m[K,
                 from [01m[K/home/drew/Desktop/capstone/ws/src/cpp_full/cpp_full.cpp:3[m[K:
[01m[K/usr/include/c++/7/complex:528:5:[m[K [01;36m[Knote: [m[Kcandidate: template<class _Tp, class _CharT, class _Traits> std::basic_ostream<_CharT, _Traits>& std::operator<<(std::basic_ostream<_CharT, _Traits>&, const std::complex<_Tp>&)
     [01;36m[Koperator[m[K<<(basic_ostream<_CharT, _Traits>& __os, const complex<_Tp>& __x)
     [01;36m[K^~~~~~~~[m[K
[01m[K/usr/include/c++/7/complex:528:5:[m[K [01;36m[Knote: [m[K  template argument deduction/substitution failed:
[01m[K/home/drew/Desktop/capstone/ws/src/cpp_full/cpp_full.cpp:96:26:[m[K [01;36m[Knote: [m[K  ‘[01m[KOdometry[m[K’ is not derived from ‘[01m[Kconst std::complex<_Tp>[m[K’
             std::cout << [01;36m[KcurrentOdom[m[K << std::endl;
                          [01;36m[K^~~~~~~~~~~[m[K
In file included from [01m[K/usr/include/boost/math/policies/error_handling.hpp:12:0[m[K,
                 from [01m[K/usr/include/boost/math/special_functions/round.hpp:14[m[K,
                 from [01m[K/opt/ros/melodic/include/ros/time.h:58[m[K,
                 from [01m[K/opt/ros/melodic/include/ros/ros.h:38[m[K,
                 from [01m[K/opt/ros/melodic/include/pcl_ros/point_cloud.h:4[m[K,
                 from [01m[K/home/drew/Desktop/capstone/ws/src/cpp_full/cpp_full.cpp:3[m[K:
[01m[K/usr/include/c++/7/iomanip:363:5:[m[K [01;36m[Knote: [m[Kcandidate: template<class _CharT, class _Traits> std::basic_ostream<_CharT, _Traits>& std::operator<<(std::basic_ostream<_CharT, _Traits>&, std::_Put_time<_CharT>)
     [01;36m[Koperator[m[K<<(basic_ostream<_CharT, _Traits>& __os, _Put_time<_CharT> __f)
     [01;36m[K^~~~~~~~[m[K
[01m[K/usr/include/c++/7/iomanip:363:5:[m[K [01;36m[Knote: [m[K  template argument deduction/substitution failed:
[01m[K/home/drew/Desktop/capstone/ws/src/cpp_full/cpp_full.cpp:96:26:[m[K [01;36m[Knote: [m[K  ‘[01m[KOdometry[m[K’ is not derived from ‘[01m[Kstd::_Put_time<_CharT>[m[K’
             std::cout << [01;36m[KcurrentOdom[m[K << std::endl;
                          [01;36m[K^~~~~~~~~~~[m[K
In file included from [01m[K/usr/include/boost/math/policies/error_handling.hpp:12:0[m[K,
                 from [01m[K/usr/include/boost/math/special_functions/round.hpp:14[m[K,
                 from [01m[K/opt/ros/melodic/include/ros/time.h:58[m[K,
                 from [01m[K/opt/ros/melodic/include/ros/ros.h:38[m[K,
                 from [01m[K/opt/ros/melodic/include/pcl_ros/point_cloud.h:4[m[K,
                 from [01m[K/home/drew/Desktop/capstone/ws/src/cpp_full/cpp_full.cpp:3[m[K:
[01m[K/usr/include/c++/7/iomanip:311:5:[m[K [01;36m[Knote: [m[Kcandidate: template<class _CharT, class _Traits, class _MoneyT> std::basic_ostream<_CharT, _Traits>& std::operator<<(std::basic_ostream<_CharT, _Traits>&, std::_Put_money<_MoneyT>)
     [01;36m[Koperator[m[K<<(basic_ostream<_CharT, _Traits>& __os, _Put_money<_MoneyT> __f)
     [01;36m[K^~~~~~~~[m[K
[01m[K/usr/include/c++/7/iomanip:311:5:[m[K [01;36m[Knote: [m[K  template argument deduction/substitution failed:
[01m[K/home/drew/Desktop/capstone/ws/src/cpp_full/cpp_full.cpp:96:26:[m[K [01;36m[Knote: [m[K  ‘[01m[KOdometry[m[K’ is not derived from ‘[01m[Kstd::_Put_money<_MoneyT>[m[K’
             std::cout << [01;36m[KcurrentOdom[m[K << std::endl;
                          [01;36m[K^~~~~~~~~~~[m[K
In file included from [01m[K/usr/include/boost/math/policies/error_handling.hpp:12:0[m[K,
                 from [01m[K/usr/include/boost/math/special_functions/round.hpp:14[m[K,
                 from [01m[K/opt/ros/melodic/include/ros/time.h:58[m[K,
                 from [01m[K/opt/ros/melodic/include/ros/ros.h:38[m[K,
                 from [01m[K/opt/ros/melodic/include/pcl_ros/point_cloud.h:4[m[K,
                 from [01m[K/home/drew/Desktop/capstone/ws/src/cpp_full/cpp_full.cpp:3[m[K:
[01m[K/usr/include/c++/7/iomanip:238:5:[m[K [01;36m[Knote: [m[Kcandidate: template<class _CharT, class _Traits> std::basic_ostream<_CharT, _Traits>& std::operator<<(std::basic_ostream<_CharT, _Traits>&, std::_Setw)
     [01;36m[Koperator[m[K<<(basic_ostream<_CharT, _Traits>& __os, _Setw __f)
     [01;36m[K^~~~~~~~[m[K
[01m[K/usr/include/c++/7/iomanip:238:5:[m[K [01;36m[Knote: [m[K  template argument deduction/substitution failed:
[01m[K/home/drew/Desktop/capstone/ws/src/cpp_full/cpp_full.cpp:96:26:[m[K [01;36m[Knote: [m[K  cannot convert ‘[01m[KcurrentOdom[m[K’ (type ‘[01m[KOdometry[m[K’) to type ‘[01m[Kstd::_Setw[m[K’
             std::cout << [01;36m[KcurrentOdom[m[K << std::endl;
                          [01;36m[K^~~~~~~~~~~[m[K
In file included from [01m[K/usr/include/boost/math/policies/error_handling.hpp:12:0[m[K,
                 from [01m[K/usr/include/boost/math/special_functions/round.hpp:14[m[K,
                 from [01m[K/opt/ros/melodic/include/ros/time.h:58[m[K,
                 from [01m[K/opt/ros/melodic/include/ros/ros.h:38[m[K,
                 from [01m[K/opt/ros/melodic/include/pcl_ros/point_cloud.h:4[m[K,
                 from [01m[K/home/drew/Desktop/capstone/ws/src/cpp_full/cpp_full.cpp:3[m[K:
[01m[K/usr/include/c++/7/iomanip:208:5:[m[K [01;36m[Knote: [m[Kcandidate: template<class _CharT, class _Traits> std::basic_ostream<_CharT, _Traits>& std::operator<<(std::basic_ostream<_CharT, _Traits>&, std::_Setprecision)
     [01;36m[Koperator[m[K<<(basic_ostream<_CharT, _Traits>& __os, _Setprecision __f)
     [01;36m[K^~~~~~~~[m[K
[01m[K/usr/include/c++/7/iomanip:208:5:[m[K [01;36m[Knote: [m[K  template argument deduction/substitution failed:
[01m[K/home/drew/Desktop/capstone/ws/src/cpp_full/cpp_full.cpp:96:26:[m[K [01;36m[Knote: [m[K  cannot convert ‘[01m[KcurrentOdom[m[K’ (type ‘[01m[KOdometry[m[K’) to type ‘[01m[Kstd::_Setprecision[m[K’
             std::cout << [01;36m[KcurrentOdom[m[K << std::endl;
                          [01;36m[K^~~~~~~~~~~[m[K
In file included from [01m[K/usr/include/boost/math/policies/error_handling.hpp:12:0[m[K,
                 from [01m[K/usr/include/boost/math/special_functions/round.hpp:14[m[K,
                 from [01m[K/opt/ros/melodic/include/ros/time.h:58[m[K,
                 from [01m[K/opt/ros/melodic/include/ros/ros.h:38[m[K,
                 from [01m[K/opt/ros/melodic/include/pcl_ros/point_cloud.h:4[m[K,
                 from [01m[K/home/drew/Desktop/capstone/ws/src/cpp_full/cpp_full.cpp:3[m[K:
[01m[K/usr/include/c++/7/iomanip:178:5:[m[K [01;36m[Knote: [m[Kcandidate: template<class _CharT, class _Traits> std::basic_ostream<_CharT, _Traits>& std::operator<<(std::basic_ostream<_CharT, _Traits>&, std::_Setfill<_CharT>)
     [01;36m[Koperator[m[K<<(basic_ostream<_CharT, _Traits>& __os, _Setfill<_CharT> __f)
     [01;36m[K^~~~~~~~[m[K
[01m[K/usr/include/c++/7/iomanip:178:5:[m[K [01;36m[Knote: [m[K  template argument deduction/substitution failed:
[01m[K/home/drew/Desktop/capstone/ws/src/cpp_full/cpp_full.cpp:96:26:[m[K [01;36m[Knote: [m[K  ‘[01m[KOdometry[m[K’ is not derived from ‘[01m[Kstd::_Setfill<_CharT>[m[K’
             std::cout << [01;36m[KcurrentOdom[m[K << std::endl;
                          [01;36m[K^~~~~~~~~~~[m[K
In file included from [01m[K/usr/include/boost/math/policies/error_handling.hpp:12:0[m[K,
                 from [01m[K/usr/include/boost/math/special_functions/round.hpp:14[m[K,
                 from [01m[K/opt/ros/melodic/include/ros/time.h:58[m[K,
                 from [01m[K/opt/ros/melodic/include/ros/ros.h:38[m[K,
                 from [01m[K/opt/ros/melodic/include/pcl_ros/point_cloud.h:4[m[K,
                 from [01m[K/home/drew/Desktop/capstone/ws/src/cpp_full/cpp_full.cpp:3[m[K:
[01m[K/usr/include/c++/7/iomanip:143:5:[m[K [01;36m[Knote: [m[Kcandidate: template<class _CharT, class _Traits> std::basic_ostream<_CharT, _Traits>& std::operator<<(std::basic_ostream<_CharT, _Traits>&, std::_Setbase)
     [01;36m[Koperator[m[K<<(basic_ostream<_CharT, _Traits>& __os, _Setbase __f)
     [01;36m[K^~~~~~~~[m[K
[01m[K/usr/include/c++/7/iomanip:143:5:[m[K [01;36m[Knote: [m[K  template argument deduction/substitution failed:
[01m[K/home/drew/Desktop/capstone/ws/src/cpp_full/cpp_full.cpp:96:26:[m[K [01;36m[Knote: [m[K  cannot convert ‘[01m[KcurrentOdom[m[K’ (type ‘[01m[KOdometry[m[K’) to type ‘[01m[Kstd::_Setbase[m[K’
             std::cout << [01;36m[KcurrentOdom[m[K << std::endl;
                          [01;36m[K^~~~~~~~~~~[m[K
In file included from [01m[K/usr/include/boost/math/policies/error_handling.hpp:12:0[m[K,
                 from [01m[K/usr/include/boost/math/special_functions/round.hpp:14[m[K,
                 from [01m[K/opt/ros/melodic/include/ros/time.h:58[m[K,
                 from [01m[K/opt/ros/melodic/include/ros/ros.h:38[m[K,
                 from [01m[K/opt/ros/melodic/include/pcl_ros/point_cloud.h:4[m[K,
                 from [01m[K/home/drew/Desktop/capstone/ws/src/cpp_full/cpp_full.cpp:3[m[K:
[01m[K/usr/include/c++/7/iomanip:109:5:[m[K [01;36m[Knote: [m[Kcandidate: template<class _CharT, class _Traits> std::basic_ostream<_CharT, _Traits>& std::operator<<(std::basic_ostream<_CharT, _Traits>&, std::_Setiosflags)
     [01;36m[Koperator[m[K<<(basic_ostream<_CharT, _Traits>& __os, _Setiosflags __f)
     [01;36m[K^~~~~~~~[m[K
[01m[K/usr/include/c++/7/iomanip:109:5:[m[K [01;36m[Knote: [m[K  template argument deduction/substitution failed:
[01m[K/home/drew/Desktop/capstone/ws/src/cpp_full/cpp_full.cpp:96:26:[m[K [01;36m[Knote: [m[K  cannot convert ‘[01m[KcurrentOdom[m[K’ (type ‘[01m[KOdometry[m[K’) to type ‘[01m[Kstd::_Setiosflags[m[K’
             std::cout << [01;36m[KcurrentOdom[m[K << std::endl;
                          [01;36m[K^~~~~~~~~~~[m[K
In file included from [01m[K/usr/include/boost/math/policies/error_handling.hpp:12:0[m[K,
                 from [01m[K/usr/include/boost/math/special_functions/round.hpp:14[m[K,
                 from [01m[K/opt/ros/melodic/include/ros/time.h:58[m[K,
                 from [01m[K/opt/ros/melodic/include/ros/ros.h:38[m[K,
                 from [01m[K/opt/ros/melodic/include/pcl_ros/point_cloud.h:4[m[K,
                 from [01m[K/home/drew/Desktop/capstone/ws/src/cpp_full/cpp_full.cpp:3[m[K:
[01m[K/usr/include/c++/7/iomanip:79:5:[m[K [01;36m[Knote: [m[Kcandidate: template<class _CharT, class _Traits> std::basic_ostream<_CharT, _Traits>& std::operator<<(std::basic_ostream<_CharT, _Traits>&, std::_Resetiosflags)
     [01;36m[Koperator[m[K<<(basic_ostream<_CharT, _Traits>& __os, _Resetiosflags __f)
     [01;36m[K^~~~~~~~[m[K
[01m[K/usr/include/c++/7/iomanip:79:5:[m[K [01;36m[Knote: [m[K  template argument deduction/substitution failed:
[01m[K/home/drew/Desktop/capstone/ws/src/cpp_full/cpp_full.cpp:96:26:[m[K [01;36m[Knote: [m[K  cannot convert ‘[01m[KcurrentOdom[m[K’ (type ‘[01m[KOdometry[m[K’) to type ‘[01m[Kstd::_Resetiosflags[m[K’
             std::cout << [01;36m[KcurrentOdom[m[K << std::endl;
                          [01;36m[K^~~~~~~~~~~[m[K
In file included from [01m[K/usr/include/c++/7/iostream:39:0[m[K,
                 from [01m[K/opt/ros/melodic/include/ros/time.h:54[m[K,
                 from [01m[K/opt/ros/melodic/include/ros/ros.h:38[m[K,
                 from [01m[K/opt/ros/melodic/include/pcl_ros/point_cloud.h:4[m[K,
                 from [01m[K/home/drew/Desktop/capstone/ws/src/cpp_full/cpp_full.cpp:3[m[K:
[01m[K/usr/include/c++/7/ostream:682:5:[m[K [01;36m[Knote: [m[Kcandidate: template<class _Ostream, class _Tp> typename std::enable_if<std::__and_<std::__not_<std::is_lvalue_reference<_Tp> >, std::__is_convertible_to_basic_ostream<_Ostream>, std::__is_insertable<typename std::__is_convertible_to_basic_ostream<_Tp>::__ostream_type, const _Tp&, void> >::value, typename std::__is_convertible_to_basic_ostream<_Tp>::__ostream_type>::type std::operator<<(_Ostream&&, const _Tp&)
     [01;36m[Koperator[m[K<<(_Ostream&& __os, const _Tp& __x)
     [01;36m[K^~~~~~~~[m[K
[01m[K/usr/include/c++/7/ostream:682:5:[m[K [01;36m[Knote: [m[K  template argument deduction/substitution failed:
/usr/include/c++/7/ostream: In substitution of ‘[01m[Ktemplate<class _Ostream, class _Tp> typename std::enable_if<std::__and_<std::__not_<std::is_lvalue_reference<_Tp> >, std::__is_convertible_to_basic_ostream<_Ostream>, std::__is_insertable<typename std::__is_convertible_to_basic_ostream<_Tp>::__ostream_type, const _Tp&, void> >::value, typename std::__is_convertible_to_basic_ostream<_Tp>::__ostream_type>::type std::operator<<(_Ostream&&, const _Tp&) [with _Ostream = std::basic_ostream<char>&; _Tp = Odometry][m[K’:
[01m[K/home/drew/Desktop/capstone/ws/src/cpp_full/cpp_full.cpp:96:26:[m[K   required from here
[01m[K/usr/include/c++/7/ostream:682:5:[m[K [01;31m[Kerror: [m[Kno type named ‘[01m[Ktype[m[K’ in ‘[01m[Kstruct std::enable_if<false, std::basic_ostream<char>&>[m[K’
[01m[K/usr/include/c++/7/ostream:574:5:[m[K [01;36m[Knote: [m[Kcandidate: template<class _Traits> std::basic_ostream<char, _Traits>& std::operator<<(std::basic_ostream<char, _Traits>&, const unsigned char*)
     [01;36m[Koperator[m[K<<(basic_ostream<char, _Traits>& __out, const unsigned char* __s)
     [01;36m[K^~~~~~~~[m[K
[01m[K/usr/include/c++/7/ostream:574:5:[m[K [01;36m[Knote: [m[K  template argument deduction/substitution failed:
[01m[K/home/drew/Desktop/capstone/ws/src/cpp_full/cpp_full.cpp:96:26:[m[K [01;36m[Knote: [m[K  cannot convert ‘[01m[KcurrentOdom[m[K’ (type ‘[01m[KOdometry[m[K’) to type ‘[01m[Kconst unsigned char*[m[K’
             std::cout << [01;36m[KcurrentOdom[m[K << std::endl;
                          [01;36m[K^~~~~~~~~~~[m[K
In file included from [01m[K/usr/include/c++/7/iostream:39:0[m[K,
                 from [01m[K/opt/ros/melodic/include/ros/time.h:54[m[K,
                 from [01m[K/opt/ros/melodic/include/ros/ros.h:38[m[K,
                 from [01m[K/opt/ros/melodic/include/pcl_ros/point_cloud.h:4[m[K,
                 from [01m[K/home/drew/Desktop/capstone/ws/src/cpp_full/cpp_full.cpp:3[m[K:
[01m[K/usr/include/c++/7/ostream:569:5:[m[K [01;36m[Knote: [m[Kcandidate: template<class _Traits> std::basic_ostream<char, _Traits>& std::operator<<(std::basic_ostream<char, _Traits>&, const signed char*)
     [01;36m[Koperator[m[K<<(basic_ostream<char, _Traits>& __out, const signed char* __s)
     [01;36m[K^~~~~~~~[m[K
[01m[K/usr/include/c++/7/ostream:569:5:[m[K [01;36m[Knote: [m[K  template argument deduction/substitution failed:
[01m[K/home/drew/Desktop/capstone/ws/src/cpp_full/cpp_full.cpp:96:26:[m[K [01;36m[Knote: [m[K  cannot convert ‘[01m[KcurrentOdom[m[K’ (type ‘[01m[KOdometry[m[K’) to type ‘[01m[Kconst signed char*[m[K’
             std::cout << [01;36m[KcurrentOdom[m[K << std::endl;
                          [01;36m[K^~~~~~~~~~~[m[K
In file included from [01m[K/usr/include/c++/7/iostream:39:0[m[K,
                 from [01m[K/opt/ros/melodic/include/ros/time.h:54[m[K,
                 from [01m[K/opt/ros/melodic/include/ros/ros.h:38[m[K,
                 from [01m[K/opt/ros/melodic/include/pcl_ros/point_cloud.h:4[m[K,
                 from [01m[K/home/drew/Desktop/capstone/ws/src/cpp_full/cpp_full.cpp:3[m[K:
[01m[K/usr/include/c++/7/ostream:556:5:[m[K [01;36m[Knote: [m[Kcandidate: template<class _Traits> std::basic_ostream<char, _Traits>& std::operator<<(std::basic_ostream<char, _Traits>&, const char*)
     [01;36m[Koperator[m[K<<(basic_ostream<char, _Traits>& __out, const char* __s)
     [01;36m[K^~~~~~~~[m[K
[01m[K/usr/include/c++/7/ostream:556:5:[m[K [01;36m[Knote: [m[K  template argument deduction/substitution failed:
[01m[K/home/drew/Desktop/capstone/ws/src/cpp_full/cpp_full.cpp:96:26:[m[K [01;36m[Knote: [m[K  cannot convert ‘[01m[KcurrentOdom[m[K’ (type ‘[01m[KOdometry[m[K’) to type ‘[01m[Kconst char*[m[K’
             std::cout << [01;36m[KcurrentOdom[m[K << std::endl;
                          [01;36m[K^~~~~~~~~~~[m[K
In file included from [01m[K/usr/include/c++/7/ostream:693:0[m[K,
                 from [01m[K/usr/include/c++/7/iostream:39[m[K,
                 from [01m[K/opt/ros/melodic/include/ros/time.h:54[m[K,
                 from [01m[K/opt/ros/melodic/include/ros/ros.h:38[m[K,
                 from [01m[K/opt/ros/melodic/include/pcl_ros/point_cloud.h:4[m[K,
                 from [01m[K/home/drew/Desktop/capstone/ws/src/cpp_full/cpp_full.cpp:3[m[K:
[01m[K/usr/include/c++/7/bits/ostream.tcc:321:5:[m[K [01;36m[Knote: [m[Kcandidate: template<class _CharT, class _Traits> std::basic_ostream<_CharT, _Traits>& std::operator<<(std::basic_ostream<_CharT, _Traits>&, const char*)
     [01;36m[Koperator[m[K<<(basic_ostream<_CharT, _Traits>& __out, const char* __s)
     [01;36m[K^~~~~~~~[m[K
[01m[K/usr/include/c++/7/bits/ostream.tcc:321:5:[m[K [01;36m[Knote: [m[K  template argument deduction/substitution failed:
[01m[K/home/drew/Desktop/capstone/ws/src/cpp_full/cpp_full.cpp:96:26:[m[K [01;36m[Knote: [m[K  cannot convert ‘[01m[KcurrentOdom[m[K’ (type ‘[01m[KOdometry[m[K’) to type ‘[01m[Kconst char*[m[K’
             std::cout << [01;36m[KcurrentOdom[m[K << std::endl;
                          [01;36m[K^~~~~~~~~~~[m[K
In file included from [01m[K/usr/include/c++/7/iostream:39:0[m[K,
                 from [01m[K/opt/ros/melodic/include/ros/time.h:54[m[K,
                 from [01m[K/opt/ros/melodic/include/ros/ros.h:38[m[K,
                 from [01m[K/opt/ros/melodic/include/pcl_ros/point_cloud.h:4[m[K,
                 from [01m[K/home/drew/Desktop/capstone/ws/src/cpp_full/cpp_full.cpp:3[m[K:
[01m[K/usr/include/c++/7/ostream:539:5:[m[K [01;36m[Knote: [m[Kcandidate: template<class _CharT, class _Traits> std::basic_ostream<_CharT, _Traits>& std::operator<<(std::basic_ostream<_CharT, _Traits>&, const _CharT*)
     [01;36m[Koperator[m[K<<(basic_ostream<_CharT, _Traits>& __out, const _CharT* __s)
     [01;36m[K^~~~~~~~[m[K
[01m[K/usr/include/c++/7/ostream:539:5:[m[K [01;36m[Knote: [m[K  template argument deduction/substitution failed:
[01m[K/home/drew/Desktop/capstone/ws/src/cpp_full/cpp_full.cpp:96:26:[m[K [01;36m[Knote: [m[K  mismatched types ‘[01m[Kconst _CharT*[m[K’ and ‘[01m[KOdometry[m[K’
             std::cout << [01;36m[KcurrentOdom[m[K << std::endl;
                          [01;36m[K^~~~~~~~~~~[m[K
In file included from [01m[K/usr/include/c++/7/iostream:39:0[m[K,
                 from [01m[K/opt/ros/melodic/include/ros/time.h:54[m[K,
                 from [01m[K/opt/ros/melodic/include/ros/ros.h:38[m[K,
                 from [01m[K/opt/ros/melodic/include/pcl_ros/point_cloud.h:4[m[K,
                 from [01m[K/home/drew/Desktop/capstone/ws/src/cpp_full/cpp_full.cpp:3[m[K:
[01m[K/usr/include/c++/7/ostream:519:5:[m[K [01;36m[Knote: [m[Kcandidate: template<class _Traits> std::basic_ostream<char, _Traits>& std::operator<<(std::basic_ostream<char, _Traits>&, unsigned char)
     [01;36m[Koperator[m[K<<(basic_ostream<char, _Traits>& __out, unsigned char __c)
     [01;36m[K^~~~~~~~[m[K
[01m[K/usr/include/c++/7/ostream:519:5:[m[K [01;36m[Knote: [m[K  template argument deduction/substitution failed:
[01m[K/home/drew/Desktop/capstone/ws/src/cpp_full/cpp_full.cpp:96:26:[m[K [01;36m[Knote: [m[K  cannot convert ‘[01m[KcurrentOdom[m[K’ (type ‘[01m[KOdometry[m[K’) to type ‘[01m[Kunsigned char[m[K’
             std::cout << [01;36m[KcurrentOdom[m[K << std::endl;
                          [01;36m[K^~~~~~~~~~~[m[K
In file included from [01m[K/usr/include/c++/7/iostream:39:0[m[K,
                 from [01m[K/opt/ros/melodic/include/ros/time.h:54[m[K,
                 from [01m[K/opt/ros/melodic/include/ros/ros.h:38[m[K,
                 from [01m[K/opt/ros/melodic/include/pcl_ros/point_cloud.h:4[m[K,
                 from [01m[K/home/drew/Desktop/capstone/ws/src/cpp_full/cpp_full.cpp:3[m[K:
[01m[K/usr/include/c++/7/ostream:514:5:[m[K [01;36m[Knote: [m[Kcandidate: template<class _Traits> std::basic_ostream<char, _Traits>& std::operator<<(std::basic_ostream<char, _Traits>&, signed char)
     [01;36m[Koperator[m[K<<(basic_ostream<char, _Traits>& __out, signed char __c)
     [01;36m[K^~~~~~~~[m[K
[01m[K/usr/include/c++/7/ostream:514:5:[m[K [01;36m[Knote: [m[K  template argument deduction/substitution failed:
[01m[K/home/drew/Desktop/capstone/ws/src/cpp_full/cpp_full.cpp:96:26:[m[K [01;36m[Knote: [m[K  cannot convert ‘[01m[KcurrentOdom[m[K’ (type ‘[01m[KOdometry[m[K’) to type ‘[01m[Ksigned char[m[K’
             std::cout << [01;36m[KcurrentOdom[m[K << std::endl;
                          [01;36m[K^~~~~~~~~~~[m[K
In file included from [01m[K/usr/include/c++/7/iostream:39:0[m[K,
                 from [01m[K/opt/ros/melodic/include/ros/time.h:54[m[K,
                 from [01m[K/opt/ros/melodic/include/ros/ros.h:38[m[K,
                 from [01m[K/opt/ros/melodic/include/pcl_ros/point_cloud.h:4[m[K,
                 from [01m[K/home/drew/Desktop/capstone/ws/src/cpp_full/cpp_full.cpp:3[m[K:
[01m[K/usr/include/c++/7/ostream:508:5:[m[K [01;36m[Knote: [m[Kcandidate: template<class _Traits> std::basic_ostream<char, _Traits>& std::operator<<(std::basic_ostream<char, _Traits>&, char)
     [01;36m[Koperator[m[K<<(basic_ostream<char, _Traits>& __out, char __c)
     [01;36m[K^~~~~~~~[m[K
[01m[K/usr/include/c++/7/ostream:508:5:[m[K [01;36m[Knote: [m[K  template argument deduction/substitution failed:
[01m[K/home/drew/Desktop/capstone/ws/src/cpp_full/cpp_full.cpp:96:26:[m[K [01;36m[Knote: [m[K  cannot convert ‘[01m[KcurrentOdom[m[K’ (type ‘[01m[KOdometry[m[K’) to type ‘[01m[Kchar[m[K’
             std::cout << [01;36m[KcurrentOdom[m[K << std::endl;
                          [01;36m[K^~~~~~~~~~~[m[K
In file included from [01m[K/usr/include/c++/7/iostream:39:0[m[K,
                 from [01m[K/opt/ros/melodic/include/ros/time.h:54[m[K,
                 from [01m[K/opt/ros/melodic/include/ros/ros.h:38[m[K,
                 from [01m[K/opt/ros/melodic/include/pcl_ros/point_cloud.h:4[m[K,
                 from [01m[K/home/drew/Desktop/capstone/ws/src/cpp_full/cpp_full.cpp:3[m[K:
[01m[K/usr/include/c++/7/ostream:502:5:[m[K [01;36m[Knote: [m[Kcandidate: template<class _CharT, class _Traits> std::basic_ostream<_CharT, _Traits>& std::operator<<(std::basic_ostream<_CharT, _Traits>&, char)
     [01;36m[Koperator[m[K<<(basic_ostream<_CharT, _Traits>& __out, char __c)
     [01;36m[K^~~~~~~~[m[K
[01m[K/usr/include/c++/7/ostream:502:5:[m[K [01;36m[Knote: [m[K  template argument deduction/substitution failed:
[01m[K/home/drew/Desktop/capstone/ws/src/cpp_full/cpp_full.cpp:96:26:[m[K [01;36m[Knote: [m[K  cannot convert ‘[01m[KcurrentOdom[m[K’ (type ‘[01m[KOdometry[m[K’) to type ‘[01m[Kchar[m[K’
             std::cout << [01;36m[KcurrentOdom[m[K << std::endl;
                          [01;36m[K^~~~~~~~~~~[m[K
In file included from [01m[K/usr/include/c++/7/iostream:39:0[m[K,
                 from [01m[K/opt/ros/melodic/include/ros/time.h:54[m[K,
                 from [01m[K/opt/ros/melodic/include/ros/ros.h:38[m[K,
                 from [01m[K/opt/ros/melodic/include/pcl_ros/point_cloud.h:4[m[K,
                 from [01m[K/home/drew/Desktop/capstone/ws/src/cpp_full/cpp_full.cpp:3[m[K:
[01m[K/usr/include/c++/7/ostream:497:5:[m[K [01;36m[Knote: [m[Kcandidate: template<class _CharT, class _Traits> std::basic_ostream<_CharT, _Traits>& std::operator<<(std::basic_ostream<_CharT, _Traits>&, _CharT)
     [01;36m[Koperator[m[K<<(basic_ostream<_CharT, _Traits>& __out, _CharT __c)
     [01;36m[K^~~~~~~~[m[K
[01m[K/usr/include/c++/7/ostream:497:5:[m[K [01;36m[Knote: [m[K  template argument deduction/substitution failed:
[01m[K/home/drew/Desktop/capstone/ws/src/cpp_full/cpp_full.cpp:96:26:[m[K [01;36m[Knote: [m[K  deduced conflicting types for parameter ‘[01m[K_CharT[m[K’ (‘[01m[Kchar[m[K’ and ‘[01m[KOdometry[m[K’)
             std::cout << [01;36m[KcurrentOdom[m[K << std::endl;
                          [01;36m[K^~~~~~~~~~~[m[K
In file included from [01m[K/usr/include/c++/7/bits/ios_base.h:46:0[m[K,
                 from [01m[K/usr/include/c++/7/ios:42[m[K,
                 from [01m[K/usr/include/c++/7/ostream:38[m[K,
                 from [01m[K/usr/include/c++/7/iostream:39[m[K,
                 from [01m[K/opt/ros/melodic/include/ros/time.h:54[m[K,
                 from [01m[K/opt/ros/melodic/include/ros/ros.h:38[m[K,
                 from [01m[K/opt/ros/melodic/include/pcl_ros/point_cloud.h:4[m[K,
                 from [01m[K/home/drew/Desktop/capstone/ws/src/cpp_full/cpp_full.cpp:3[m[K:
[01m[K/usr/include/c++/7/system_error:217:5:[m[K [01;36m[Knote: [m[Kcandidate: template<class _CharT, class _Traits> std::basic_ostream<_CharT, _Traits>& std::operator<<(std::basic_ostream<_CharT, _Traits>&, const std::error_code&)
     [01;36m[Koperator[m[K<<(basic_ostream<_CharT, _Traits>& __os, const error_code& __e)
     [01;36m[K^~~~~~~~[m[K
[01m[K/usr/include/c++/7/system_error:217:5:[m[K [01;36m[Knote: [m[K  template argument deduction/substitution failed:
[01m[K/home/drew/Desktop/capstone/ws/src/cpp_full/cpp_full.cpp:96:26:[m[K [01;36m[Knote: [m[K  cannot convert ‘[01m[KcurrentOdom[m[K’ (type ‘[01m[KOdometry[m[K’) to type ‘[01m[Kconst std::error_code&[m[K’
             std::cout << [01;36m[KcurrentOdom[m[K << std::endl;
                          [01;36m[K^~~~~~~~~~~[m[K
In file included from [01m[K/usr/include/c++/7/string:52:0[m[K,
                 from [01m[K/opt/ros/melodic/include/ros/platform.h:38[m[K,
                 from [01m[K/opt/ros/melodic/include/ros/time.h:53[m[K,
                 from [01m[K/opt/ros/melodic/include/ros/ros.h:38[m[K,
                 from [01m[K/opt/ros/melodic/include/pcl_ros/point_cloud.h:4[m[K,
                 from [01m[K/home/drew/Desktop/capstone/ws/src/cpp_full/cpp_full.cpp:3[m[K:
[01m[K/usr/include/c++/7/bits/basic_string.h:6284:5:[m[K [01;36m[Knote: [m[Kcandidate: template<class _CharT, class _Traits, class _Alloc> std::basic_ostream<_CharT, _Traits>& std::operator<<(std::basic_ostream<_CharT, _Traits>&, const std::__cxx11::basic_string<_CharT, _Traits, _Alloc>&)
     [01;36m[Koperator[m[K<<(basic_ostream<_CharT, _Traits>& __os,
     [01;36m[K^~~~~~~~[m[K
[01m[K/usr/include/c++/7/bits/basic_string.h:6284:5:[m[K [01;36m[Knote: [m[K  template argument deduction/substitution failed:
[01m[K/home/drew/Desktop/capstone/ws/src/cpp_full/cpp_full.cpp:96:26:[m[K [01;36m[Knote: [m[K  ‘[01m[KOdometry[m[K’ is not derived from ‘[01m[Kconst std::__cxx11::basic_string<_CharT, _Traits, _Alloc>[m[K’
             std::cout << [01;36m[KcurrentOdom[m[K << std::endl;
                          [01;36m[K^~~~~~~~~~~[m[K
make[2]: *** [CMakeFiles/cpp_full.dir/cpp_full.cpp.o] Error 1
make[1]: *** [CMakeFiles/cpp_full.dir/all] Error 2
make: *** [all] Error 2
